<?xml version="1.0" encoding="UTF-8"?>
<coverage generated="1591738998570" clover="3.2.0">
  <project timestamp="1591738998571" name="All files">
    <metrics statements="33" coveredstatements="25" conditionals="12" coveredconditionals="8" methods="14" coveredmethods="7" elements="59" coveredelements="40" complexity="0" loc="33" ncloc="33" packages="3" files="5" classes="5"/>
    <package name="src">
      <metrics statements="27" coveredstatements="19" conditionals="9" coveredconditionals="6" methods="13" coveredmethods="6"/>
      <file name="ChannelInteractor.js" path="/Users/ravipradhan/Documents/personal-projects/dnd-jukebox/src/ChannelInteractor.js">
        <metrics statements="6" coveredstatements="0" conditionals="2" coveredconditionals="0" methods="6" coveredmethods="0"/>
        <line num="3" count="0" type="stmt"/>
        <line num="4" count="0" type="stmt"/>
        <line num="8" count="0" type="cond" truecount="0" falsecount="2"/>
        <line num="9" count="0" type="stmt"/>
        <line num="11" count="0" type="stmt"/>
        <line num="27" count="0" type="stmt"/>
      </file>
      <file name="CommandHandler.js" path="/Users/ravipradhan/Documents/personal-projects/dnd-jukebox/src/CommandHandler.js">
        <metrics statements="19" coveredstatements="17" conditionals="7" coveredconditionals="6" methods="6" coveredmethods="5"/>
        <line num="5" count="1" type="stmt"/>
        <line num="8" count="1" type="stmt"/>
        <line num="12" count="4" type="stmt"/>
        <line num="16" count="4" type="stmt"/>
        <line num="17" count="4" type="stmt"/>
        <line num="18" count="4" type="cond" truecount="2" falsecount="0"/>
        <line num="19" count="3" type="stmt"/>
        <line num="24" count="3" type="cond" truecount="2" falsecount="1"/>
        <line num="26" count="1" type="stmt"/>
        <line num="27" count="1" type="stmt"/>
        <line num="29" count="2" type="stmt"/>
        <line num="30" count="2" type="cond" truecount="2" falsecount="0"/>
        <line num="33" count="2" type="stmt"/>
        <line num="35" count="0" type="stmt"/>
        <line num="40" count="4" type="stmt"/>
        <line num="44" count="4" type="stmt"/>
        <line num="48" count="4" type="stmt"/>
        <line num="49" count="4" type="stmt"/>
        <line num="56" count="0" type="stmt"/>
      </file>
      <file name="Message.js" path="/Users/ravipradhan/Documents/personal-projects/dnd-jukebox/src/Message.js">
        <metrics statements="2" coveredstatements="2" conditionals="0" coveredconditionals="0" methods="1" coveredmethods="1"/>
        <line num="3" count="4" type="stmt"/>
        <line num="4" count="4" type="stmt"/>
      </file>
    </package>
    <package name="src.commands">
      <metrics statements="5" coveredstatements="5" conditionals="3" coveredconditionals="2" methods="1" coveredmethods="1"/>
      <file name="selectTrack.js" path="/Users/ravipradhan/Documents/personal-projects/dnd-jukebox/src/commands/selectTrack.js">
        <metrics statements="5" coveredstatements="5" conditionals="3" coveredconditionals="2" methods="1" coveredmethods="1"/>
        <line num="2" count="5" type="stmt"/>
        <line num="3" count="5" type="cond" truecount="2" falsecount="0"/>
        <line num="4" count="3" type="stmt"/>
        <line num="8" count="2" type="stmt"/>
        <line num="9" count="2" type="stmt"/>
      </file>
    </package>
    <package name="src.tracks">
      <metrics statements="1" coveredstatements="1" conditionals="0" coveredconditionals="0" methods="0" coveredmethods="0"/>
      <file name="selection.js" path="/Users/ravipradhan/Documents/personal-projects/dnd-jukebox/src/tracks/selection.js">
        <metrics statements="1" coveredstatements="1" conditionals="0" coveredconditionals="0" methods="0" coveredmethods="0"/>
        <line num="1" count="1" type="stmt"/>
      </file>
    </package>
  </project>
</coverage>
