<?xml version="1.0" encoding="UTF-8"?>
<coverage generated="1591959302434" clover="3.2.0">
  <project timestamp="1591959302435" name="All files">
    <metrics statements="45" coveredstatements="32" conditionals="17" coveredconditionals="13" methods="14" coveredmethods="8" elements="76" coveredelements="53" complexity="0" loc="45" ncloc="45" packages="4" files="6" classes="6"/>
    <package name="dnd-jukebox">
      <metrics statements="1" coveredstatements="1" conditionals="0" coveredconditionals="0" methods="0" coveredmethods="0"/>
      <file name="config.js" path="/Users/ravipradhan/Documents/personal-projects/dnd-jukebox/config.js">
        <metrics statements="1" coveredstatements="1" conditionals="0" coveredconditionals="0" methods="0" coveredmethods="0"/>
        <line num="1" count="1" type="stmt"/>
      </file>
    </package>
    <package name="dnd-jukebox.src">
      <metrics statements="33" coveredstatements="20" conditionals="12" coveredconditionals="9" methods="11" coveredmethods="5"/>
      <file name="ChannelPresenter.js" path="/Users/ravipradhan/Documents/personal-projects/dnd-jukebox/src/ChannelPresenter.js">
        <metrics statements="11" coveredstatements="0" conditionals="2" coveredconditionals="0" methods="6" coveredmethods="0"/>
        <line num="5" count="0" type="stmt"/>
        <line num="6" count="0" type="stmt"/>
        <line num="7" count="0" type="stmt"/>
        <line num="11" count="0" type="cond" truecount="0" falsecount="2"/>
        <line num="12" count="0" type="stmt"/>
        <line num="14" count="0" type="stmt"/>
        <line num="15" count="0" type="stmt"/>
        <line num="16" count="0" type="stmt"/>
        <line num="17" count="0" type="stmt"/>
        <line num="22" count="0" type="stmt"/>
        <line num="26" count="0" type="stmt"/>
      </file>
      <file name="CommandRouter.js" path="/Users/ravipradhan/Documents/personal-projects/dnd-jukebox/src/CommandRouter.js">
        <metrics statements="22" coveredstatements="20" conditionals="10" coveredconditionals="9" methods="5" coveredmethods="5"/>
        <line num="6" count="1" type="stmt"/>
        <line num="9" count="1" type="stmt"/>
        <line num="11" count="1" type="stmt"/>
        <line num="15" count="8" type="stmt"/>
        <line num="19" count="8" type="stmt"/>
        <line num="20" count="8" type="cond" truecount="2" falsecount="0"/>
        <line num="21" count="7" type="stmt"/>
        <line num="26" count="7" type="cond" truecount="3" falsecount="1"/>
        <line num="28" count="1" type="stmt"/>
        <line num="30" count="2" type="stmt"/>
        <line num="31" count="2" type="cond" truecount="2" falsecount="0"/>
        <line num="35" count="4" type="cond" truecount="2" falsecount="0"/>
        <line num="36" count="1" type="stmt"/>
        <line num="37" count="1" type="stmt"/>
        <line num="39" count="3" type="stmt"/>
        <line num="41" count="1" type="stmt"/>
        <line num="43" count="0" type="stmt"/>
        <line num="44" count="0" type="stmt"/>
        <line num="49" count="8" type="stmt"/>
        <line num="53" count="8" type="stmt"/>
        <line num="57" count="8" type="stmt"/>
        <line num="58" count="8" type="stmt"/>
      </file>
    </package>
    <package name="dnd-jukebox.src.commands">
      <metrics statements="10" coveredstatements="10" conditionals="5" coveredconditionals="4" methods="3" coveredmethods="3"/>
      <file name="selectTrack.js" path="/Users/ravipradhan/Documents/personal-projects/dnd-jukebox/src/commands/selectTrack.js">
        <metrics statements="5" coveredstatements="5" conditionals="3" coveredconditionals="2" methods="1" coveredmethods="1"/>
        <line num="2" count="5" type="stmt"/>
        <line num="3" count="5" type="cond" truecount="2" falsecount="0"/>
        <line num="4" count="3" type="stmt"/>
        <line num="8" count="2" type="stmt"/>
        <line num="9" count="2" type="stmt"/>
      </file>
      <file name="spellHandler.js" path="/Users/ravipradhan/Documents/personal-projects/dnd-jukebox/src/commands/spellHandler.js">
        <metrics statements="5" coveredstatements="5" conditionals="2" coveredconditionals="2" methods="2" coveredmethods="2"/>
        <line num="3" count="1" type="stmt"/>
        <line num="5" count="1" type="stmt"/>
        <line num="9" count="4" type="cond" truecount="2" falsecount="0"/>
        <line num="10" count="3" type="stmt"/>
        <line num="12" count="1" type="stmt"/>
      </file>
    </package>
    <package name="dnd-jukebox.src.tracks">
      <metrics statements="1" coveredstatements="1" conditionals="0" coveredconditionals="0" methods="0" coveredmethods="0"/>
      <file name="selection.js" path="/Users/ravipradhan/Documents/personal-projects/dnd-jukebox/src/tracks/selection.js">
        <metrics statements="1" coveredstatements="1" conditionals="0" coveredconditionals="0" methods="0" coveredmethods="0"/>
        <line num="1" count="1" type="stmt"/>
      </file>
    </package>
  </project>
</coverage>
