{"/Users/ravipradhan/Documents/personal-projects/dnd-jukebox/config.js": {"path":"/Users/ravipradhan/Documents/personal-projects/dnd-jukebox/config.js","statementMap":{"0":{"start":{"line":1,"column":22},"end":{"line":4,"column":1}}},"fnMap":{},"branchMap":{},"s":{"0":1},"f":{},"b":{},"_coverageSchema":"1a1c01bbd47fc00a2c39e90264f33305004495a9","hash":"39f46efdca6dab346b2c188a6b902f669e77e033"}
,"/Users/ravipradhan/Documents/personal-projects/dnd-jukebox/src/ChannelPresenter.js": {"path":"/Users/ravipradhan/Documents/personal-projects/dnd-jukebox/src/ChannelPresenter.js","statementMap":{"0":{"start":{"line":6,"column":8},"end":{"line":6,"column":36}},"1":{"start":{"line":7,"column":8},"end":{"line":7,"column":40}},"2":{"start":{"line":8,"column":8},"end":{"line":8,"column":22}},"3":{"start":{"line":12,"column":8},"end":{"line":14,"column":9}},"4":{"start":{"line":13,"column":12},"end":{"line":13,"column":96}},"5":{"start":{"line":15,"column":8},"end":{"line":19,"column":11}},"6":{"start":{"line":16,"column":27},"end":{"line":16,"column":85}},"7":{"start":{"line":17,"column":31},"end":{"line":17,"column":70}},"8":{"start":{"line":18,"column":12},"end":{"line":18,"column":66}},"9":{"start":{"line":18,"column":39},"end":{"line":18,"column":64}},"10":{"start":{"line":23,"column":8},"end":{"line":23,"column":40}},"11":{"start":{"line":27,"column":29},"end":{"line":27,"column":55}},"12":{"start":{"line":28,"column":8},"end":{"line":38,"column":27}},"13":{"start":{"line":39,"column":8},"end":{"line":39,"column":52}}},"fnMap":{"0":{"name":"(anonymous_0)","decl":{"start":{"line":5,"column":4},"end":{"line":5,"column":5}},"loc":{"start":{"line":5,"column":44},"end":{"line":9,"column":5}},"line":5},"1":{"name":"(anonymous_1)","decl":{"start":{"line":11,"column":4},"end":{"line":11,"column":5}},"loc":{"start":{"line":11,"column":16},"end":{"line":20,"column":5}},"line":11},"2":{"name":"(anonymous_2)","decl":{"start":{"line":15,"column":38},"end":{"line":15,"column":39}},"loc":{"start":{"line":15,"column":52},"end":{"line":19,"column":9}},"line":15},"3":{"name":"(anonymous_3)","decl":{"start":{"line":18,"column":33},"end":{"line":18,"column":34}},"loc":{"start":{"line":18,"column":39},"end":{"line":18,"column":64}},"line":18},"4":{"name":"(anonymous_4)","decl":{"start":{"line":22,"column":4},"end":{"line":22,"column":5}},"loc":{"start":{"line":22,"column":31},"end":{"line":24,"column":5}},"line":22},"5":{"name":"(anonymous_5)","decl":{"start":{"line":26,"column":4},"end":{"line":26,"column":5}},"loc":{"start":{"line":26,"column":46},"end":{"line":40,"column":5}},"line":26}},"branchMap":{"0":{"loc":{"start":{"line":12,"column":8},"end":{"line":14,"column":9}},"type":"if","locations":[{"start":{"line":12,"column":8},"end":{"line":14,"column":9}},{"start":{"line":12,"column":8},"end":{"line":14,"column":9}}],"line":12}},"s":{"0":0,"1":0,"2":0,"3":0,"4":0,"5":0,"6":0,"7":0,"8":0,"9":0,"10":0,"11":0,"12":0,"13":0},"f":{"0":0,"1":0,"2":0,"3":0,"4":0,"5":0},"b":{"0":[0,0]},"_coverageSchema":"1a1c01bbd47fc00a2c39e90264f33305004495a9","hash":"7568e973ca91acf7abdf05dc299fb84353c02b0e"}
,"/Users/ravipradhan/Documents/personal-projects/dnd-jukebox/src/CommandRouter.js": {"path":"/Users/ravipradhan/Documents/personal-projects/dnd-jukebox/src/CommandRouter.js","statementMap":{"0":{"start":{"line":8,"column":8},"end":{"line":8,"column":28}},"1":{"start":{"line":12,"column":38},"end":{"line":12,"column":76}},"2":{"start":{"line":13,"column":8},"end":{"line":15,"column":9}},"3":{"start":{"line":14,"column":12},"end":{"line":14,"column":71}},"4":{"start":{"line":19,"column":8},"end":{"line":42,"column":9}},"5":{"start":{"line":21,"column":16},"end":{"line":21,"column":59}},"6":{"start":{"line":23,"column":30},"end":{"line":23,"column":70}},"7":{"start":{"line":24,"column":16},"end":{"line":26,"column":89}},"8":{"start":{"line":28,"column":16},"end":{"line":39,"column":17}},"9":{"start":{"line":30,"column":20},"end":{"line":36,"column":21}},"10":{"start":{"line":31,"column":42},"end":{"line":31,"column":61}},"11":{"start":{"line":32,"column":24},"end":{"line":32,"column":83}},"12":{"start":{"line":33,"column":24},"end":{"line":33,"column":82}},"13":{"start":{"line":35,"column":24},"end":{"line":35,"column":96}},"14":{"start":{"line":38,"column":20},"end":{"line":38,"column":90}},"15":{"start":{"line":41,"column":16},"end":{"line":41,"column":81}},"16":{"start":{"line":46,"column":8},"end":{"line":46,"column":43}},"17":{"start":{"line":50,"column":27},"end":{"line":53,"column":25}},"18":{"start":{"line":54,"column":24},"end":{"line":54,"column":56}},"19":{"start":{"line":55,"column":8},"end":{"line":58,"column":9}}},"fnMap":{"0":{"name":"(anonymous_0)","decl":{"start":{"line":7,"column":4},"end":{"line":7,"column":5}},"loc":{"start":{"line":7,"column":24},"end":{"line":9,"column":5}},"line":7},"1":{"name":"(anonymous_1)","decl":{"start":{"line":11,"column":4},"end":{"line":11,"column":5}},"loc":{"start":{"line":11,"column":44},"end":{"line":16,"column":5}},"line":11},"2":{"name":"(anonymous_2)","decl":{"start":{"line":18,"column":4},"end":{"line":18,"column":5}},"loc":{"start":{"line":18,"column":59},"end":{"line":43,"column":5}},"line":18},"3":{"name":"(anonymous_3)","decl":{"start":{"line":45,"column":4},"end":{"line":45,"column":5}},"loc":{"start":{"line":45,"column":27},"end":{"line":47,"column":5}},"line":45},"4":{"name":"(anonymous_4)","decl":{"start":{"line":49,"column":4},"end":{"line":49,"column":5}},"loc":{"start":{"line":49,"column":35},"end":{"line":59,"column":5}},"line":49}},"branchMap":{"0":{"loc":{"start":{"line":13,"column":8},"end":{"line":15,"column":9}},"type":"if","locations":[{"start":{"line":13,"column":8},"end":{"line":15,"column":9}},{"start":{"line":13,"column":8},"end":{"line":15,"column":9}}],"line":13},"1":{"loc":{"start":{"line":19,"column":8},"end":{"line":42,"column":9}},"type":"switch","locations":[{"start":{"line":20,"column":12},"end":{"line":21,"column":59}},{"start":{"line":22,"column":12},"end":{"line":26,"column":89}},{"start":{"line":27,"column":12},"end":{"line":39,"column":17}},{"start":{"line":40,"column":12},"end":{"line":41,"column":81}}],"line":19},"2":{"loc":{"start":{"line":24,"column":23},"end":{"line":26,"column":89}},"type":"cond-expr","locations":[{"start":{"line":25,"column":22},"end":{"line":25,"column":43}},{"start":{"line":26,"column":22},"end":{"line":26,"column":89}}],"line":24},"3":{"loc":{"start":{"line":28,"column":16},"end":{"line":39,"column":17}},"type":"if","locations":[{"start":{"line":28,"column":16},"end":{"line":39,"column":17}},{"start":{"line":28,"column":16},"end":{"line":39,"column":17}}],"line":28}},"s":{"0":9,"1":9,"2":9,"3":8,"4":8,"5":1,"6":2,"7":2,"8":4,"9":2,"10":2,"11":2,"12":1,"13":2,"14":2,"15":1,"16":9,"17":9,"18":9,"19":9},"f":{"0":9,"1":9,"2":8,"3":9,"4":9},"b":{"0":[8,1],"1":[1,2,4,1],"2":[1,1],"3":[2,2]},"_coverageSchema":"1a1c01bbd47fc00a2c39e90264f33305004495a9","hash":"15aa26bd77c0ec66415013b2c288f7b6d5984396"}
,"/Users/ravipradhan/Documents/personal-projects/dnd-jukebox/src/commands/messageResponses.js": {"path":"/Users/ravipradhan/Documents/personal-projects/dnd-jukebox/src/commands/messageResponses.js","statementMap":{"0":{"start":{"line":1,"column":25},"end":{"line":6,"column":1}}},"fnMap":{},"branchMap":{},"s":{"0":1},"f":{},"b":{},"_coverageSchema":"1a1c01bbd47fc00a2c39e90264f33305004495a9","hash":"37eb34dfcf19402a0e49c4351ce427d4aa39b798"}
,"/Users/ravipradhan/Documents/personal-projects/dnd-jukebox/src/commands/selectTrack.js": {"path":"/Users/ravipradhan/Documents/personal-projects/dnd-jukebox/src/commands/selectTrack.js","statementMap":{"0":{"start":{"line":2,"column":17},"end":{"line":2,"column":36}},"1":{"start":{"line":3,"column":2},"end":{"line":5,"column":3}},"2":{"start":{"line":4,"column":4},"end":{"line":4,"column":15}},"3":{"start":{"line":8,"column":4},"end":{"line":8,"column":67}},"4":{"start":{"line":9,"column":2},"end":{"line":9,"column":20}}},"fnMap":{"0":{"name":"selectTrack","decl":{"start":{"line":1,"column":24},"end":{"line":1,"column":35}},"loc":{"start":{"line":1,"column":56},"end":{"line":10,"column":1}},"line":1}},"branchMap":{"0":{"loc":{"start":{"line":1,"column":44},"end":{"line":1,"column":54}},"type":"default-arg","locations":[{"start":{"line":1,"column":52},"end":{"line":1,"column":54}}],"line":1},"1":{"loc":{"start":{"line":3,"column":2},"end":{"line":5,"column":3}},"type":"if","locations":[{"start":{"line":3,"column":2},"end":{"line":5,"column":3}},{"start":{"line":3,"column":2},"end":{"line":5,"column":3}}],"line":3}},"s":{"0":5,"1":5,"2":3,"3":2,"4":2},"f":{"0":5},"b":{"0":[0],"1":[3,2]},"_coverageSchema":"1a1c01bbd47fc00a2c39e90264f33305004495a9","hash":"64f50903904874f7a70e9bb57d3aa355743c50ee"}
,"/Users/ravipradhan/Documents/personal-projects/dnd-jukebox/src/commands/spellHandler.js": {"path":"/Users/ravipradhan/Documents/personal-projects/dnd-jukebox/src/commands/spellHandler.js","statementMap":{"0":{"start":{"line":4,"column":21},"end":{"line":20,"column":1}},"1":{"start":{"line":6,"column":8},"end":{"line":11,"column":9}},"2":{"start":{"line":7,"column":27},"end":{"line":7,"column":97}},"3":{"start":{"line":8,"column":12},"end":{"line":8,"column":23}},"4":{"start":{"line":10,"column":12},"end":{"line":10,"column":27}},"5":{"start":{"line":15,"column":8},"end":{"line":17,"column":9}},"6":{"start":{"line":16,"column":12},"end":{"line":16,"column":24}},"7":{"start":{"line":18,"column":8},"end":{"line":18,"column":19}}},"fnMap":{"0":{"name":"(anonymous_0)","decl":{"start":{"line":5,"column":4},"end":{"line":5,"column":5}},"loc":{"start":{"line":5,"column":39},"end":{"line":12,"column":5}},"line":5},"1":{"name":"(anonymous_1)","decl":{"start":{"line":14,"column":4},"end":{"line":14,"column":5}},"loc":{"start":{"line":14,"column":34},"end":{"line":19,"column":5}},"line":14}},"branchMap":{"0":{"loc":{"start":{"line":15,"column":8},"end":{"line":17,"column":9}},"type":"if","locations":[{"start":{"line":15,"column":8},"end":{"line":17,"column":9}},{"start":{"line":15,"column":8},"end":{"line":17,"column":9}}],"line":15}},"s":{"0":1,"1":2,"2":2,"3":1,"4":1,"5":4,"6":2,"7":2},"f":{"0":2,"1":4},"b":{"0":[2,2]},"_coverageSchema":"1a1c01bbd47fc00a2c39e90264f33305004495a9","hash":"c8c59eda4f67198512ff9e6ed3109a9df2873272"}
,"/Users/ravipradhan/Documents/personal-projects/dnd-jukebox/src/commands/testData.js": {"path":"/Users/ravipradhan/Documents/personal-projects/dnd-jukebox/src/commands/testData.js","statementMap":{"0":{"start":{"line":1,"column":29},"end":{"line":23,"column":1}},"1":{"start":{"line":25,"column":35},"end":{"line":30,"column":1}}},"fnMap":{},"branchMap":{},"s":{"0":1,"1":1},"f":{},"b":{},"_coverageSchema":"1a1c01bbd47fc00a2c39e90264f33305004495a9","hash":"c75b7213918632b315d291e7c5c8537f0a6ea329"}
,"/Users/ravipradhan/Documents/personal-projects/dnd-jukebox/src/tracks/selection.js": {"path":"/Users/ravipradhan/Documents/personal-projects/dnd-jukebox/src/tracks/selection.js","statementMap":{"0":{"start":{"line":1,"column":22},"end":{"line":13,"column":1}}},"fnMap":{},"branchMap":{},"s":{"0":1},"f":{},"b":{},"_coverageSchema":"1a1c01bbd47fc00a2c39e90264f33305004495a9","hash":"385bbd0038805831bb7900b896f09fdf29d36b82"}
}
