{"/Users/ravipradhan/Documents/personal-projects/dnd-jukebox/config.js": {"path":"/Users/ravipradhan/Documents/personal-projects/dnd-jukebox/config.js","statementMap":{"0":{"start":{"line":1,"column":22},"end":{"line":4,"column":1}}},"fnMap":{},"branchMap":{},"s":{"0":1},"f":{},"b":{},"_coverageSchema":"1a1c01bbd47fc00a2c39e90264f33305004495a9","hash":"39f46efdca6dab346b2c188a6b902f669e77e033"}
,"/Users/ravipradhan/Documents/personal-projects/dnd-jukebox/src/ChannelPresenter.js": {"path":"/Users/ravipradhan/Documents/personal-projects/dnd-jukebox/src/ChannelPresenter.js","statementMap":{"0":{"start":{"line":5,"column":8},"end":{"line":5,"column":36}},"1":{"start":{"line":6,"column":8},"end":{"line":6,"column":40}},"2":{"start":{"line":7,"column":8},"end":{"line":7,"column":22}},"3":{"start":{"line":11,"column":8},"end":{"line":13,"column":9}},"4":{"start":{"line":12,"column":12},"end":{"line":12,"column":96}},"5":{"start":{"line":14,"column":8},"end":{"line":18,"column":11}},"6":{"start":{"line":15,"column":27},"end":{"line":15,"column":85}},"7":{"start":{"line":16,"column":31},"end":{"line":16,"column":70}},"8":{"start":{"line":17,"column":12},"end":{"line":17,"column":66}},"9":{"start":{"line":17,"column":39},"end":{"line":17,"column":64}},"10":{"start":{"line":22,"column":8},"end":{"line":22,"column":16}},"11":{"start":{"line":26,"column":8},"end":{"line":26,"column":40}}},"fnMap":{"0":{"name":"(anonymous_0)","decl":{"start":{"line":4,"column":4},"end":{"line":4,"column":5}},"loc":{"start":{"line":4,"column":44},"end":{"line":8,"column":5}},"line":4},"1":{"name":"(anonymous_1)","decl":{"start":{"line":10,"column":4},"end":{"line":10,"column":5}},"loc":{"start":{"line":10,"column":16},"end":{"line":19,"column":5}},"line":10},"2":{"name":"(anonymous_2)","decl":{"start":{"line":14,"column":38},"end":{"line":14,"column":39}},"loc":{"start":{"line":14,"column":52},"end":{"line":18,"column":9}},"line":14},"3":{"name":"(anonymous_3)","decl":{"start":{"line":17,"column":33},"end":{"line":17,"column":34}},"loc":{"start":{"line":17,"column":39},"end":{"line":17,"column":64}},"line":17},"4":{"name":"(anonymous_4)","decl":{"start":{"line":21,"column":4},"end":{"line":21,"column":5}},"loc":{"start":{"line":21,"column":18},"end":{"line":23,"column":5}},"line":21},"5":{"name":"(anonymous_5)","decl":{"start":{"line":25,"column":4},"end":{"line":25,"column":5}},"loc":{"start":{"line":25,"column":31},"end":{"line":27,"column":5}},"line":25}},"branchMap":{"0":{"loc":{"start":{"line":11,"column":8},"end":{"line":13,"column":9}},"type":"if","locations":[{"start":{"line":11,"column":8},"end":{"line":13,"column":9}},{"start":{"line":11,"column":8},"end":{"line":13,"column":9}}],"line":11}},"s":{"0":0,"1":0,"2":0,"3":0,"4":0,"5":0,"6":0,"7":0,"8":0,"9":0,"10":0,"11":0},"f":{"0":0,"1":0,"2":0,"3":0,"4":0,"5":0},"b":{"0":[0,0]},"_coverageSchema":"1a1c01bbd47fc00a2c39e90264f33305004495a9","hash":"ce7df9888a76e67b2986febaa57bcea769a831ca"}
,"/Users/ravipradhan/Documents/personal-projects/dnd-jukebox/src/CommandRouter.js": {"path":"/Users/ravipradhan/Documents/personal-projects/dnd-jukebox/src/CommandRouter.js","statementMap":{"0":{"start":{"line":6,"column":4},"end":{"line":6,"column":61}},"1":{"start":{"line":9,"column":4},"end":{"line":9,"column":120}},"2":{"start":{"line":11,"column":26},"end":{"line":11,"column":162}},"3":{"start":{"line":15,"column":8},"end":{"line":15,"column":28}},"4":{"start":{"line":19,"column":38},"end":{"line":19,"column":76}},"5":{"start":{"line":20,"column":8},"end":{"line":22,"column":9}},"6":{"start":{"line":21,"column":12},"end":{"line":21,"column":71}},"7":{"start":{"line":26,"column":8},"end":{"line":45,"column":9}},"8":{"start":{"line":28,"column":16},"end":{"line":28,"column":59}},"9":{"start":{"line":30,"column":30},"end":{"line":30,"column":70}},"10":{"start":{"line":31,"column":16},"end":{"line":33,"column":72}},"11":{"start":{"line":35,"column":16},"end":{"line":40,"column":17}},"12":{"start":{"line":36,"column":38},"end":{"line":36,"column":57}},"13":{"start":{"line":37,"column":41},"end":{"line":37,"column":88}},"14":{"start":{"line":39,"column":20},"end":{"line":39,"column":73}},"15":{"start":{"line":41,"column":16},"end":{"line":41,"column":21}},"16":{"start":{"line":43,"column":16},"end":{"line":43,"column":38}},"17":{"start":{"line":44,"column":16},"end":{"line":44,"column":64}},"18":{"start":{"line":49,"column":8},"end":{"line":49,"column":43}},"19":{"start":{"line":53,"column":27},"end":{"line":56,"column":25}},"20":{"start":{"line":57,"column":24},"end":{"line":57,"column":56}},"21":{"start":{"line":58,"column":8},"end":{"line":61,"column":9}}},"fnMap":{"0":{"name":"(anonymous_0)","decl":{"start":{"line":14,"column":4},"end":{"line":14,"column":5}},"loc":{"start":{"line":14,"column":24},"end":{"line":16,"column":5}},"line":14},"1":{"name":"(anonymous_1)","decl":{"start":{"line":18,"column":4},"end":{"line":18,"column":5}},"loc":{"start":{"line":18,"column":44},"end":{"line":23,"column":5}},"line":18},"2":{"name":"(anonymous_2)","decl":{"start":{"line":25,"column":4},"end":{"line":25,"column":5}},"loc":{"start":{"line":25,"column":59},"end":{"line":46,"column":5}},"line":25},"3":{"name":"(anonymous_3)","decl":{"start":{"line":48,"column":4},"end":{"line":48,"column":5}},"loc":{"start":{"line":48,"column":27},"end":{"line":50,"column":5}},"line":48},"4":{"name":"(anonymous_4)","decl":{"start":{"line":52,"column":4},"end":{"line":52,"column":5}},"loc":{"start":{"line":52,"column":35},"end":{"line":62,"column":5}},"line":52}},"branchMap":{"0":{"loc":{"start":{"line":20,"column":8},"end":{"line":22,"column":9}},"type":"if","locations":[{"start":{"line":20,"column":8},"end":{"line":22,"column":9}},{"start":{"line":20,"column":8},"end":{"line":22,"column":9}}],"line":20},"1":{"loc":{"start":{"line":26,"column":8},"end":{"line":45,"column":9}},"type":"switch","locations":[{"start":{"line":27,"column":12},"end":{"line":28,"column":59}},{"start":{"line":29,"column":12},"end":{"line":33,"column":72}},{"start":{"line":34,"column":12},"end":{"line":41,"column":21}},{"start":{"line":42,"column":12},"end":{"line":44,"column":64}}],"line":26},"2":{"loc":{"start":{"line":31,"column":23},"end":{"line":33,"column":72}},"type":"cond-expr","locations":[{"start":{"line":32,"column":22},"end":{"line":32,"column":43}},{"start":{"line":33,"column":22},"end":{"line":33,"column":72}}],"line":31},"3":{"loc":{"start":{"line":35,"column":16},"end":{"line":40,"column":17}},"type":"if","locations":[{"start":{"line":35,"column":16},"end":{"line":40,"column":17}},{"start":{"line":35,"column":16},"end":{"line":40,"column":17}}],"line":35}},"s":{"0":1,"1":1,"2":1,"3":8,"4":8,"5":8,"6":7,"7":7,"8":1,"9":2,"10":2,"11":4,"12":1,"13":1,"14":3,"15":1,"16":0,"17":0,"18":8,"19":8,"20":8,"21":8},"f":{"0":8,"1":8,"2":7,"3":8,"4":8},"b":{"0":[7,1],"1":[1,2,4,0],"2":[1,1],"3":[1,3]},"_coverageSchema":"1a1c01bbd47fc00a2c39e90264f33305004495a9","hash":"16d4d393adfe1a3380a17b7ff630b1f4a1223d25"}
,"/Users/ravipradhan/Documents/personal-projects/dnd-jukebox/src/commands/selectTrack.js": {"path":"/Users/ravipradhan/Documents/personal-projects/dnd-jukebox/src/commands/selectTrack.js","statementMap":{"0":{"start":{"line":2,"column":17},"end":{"line":2,"column":36}},"1":{"start":{"line":3,"column":2},"end":{"line":5,"column":3}},"2":{"start":{"line":4,"column":4},"end":{"line":4,"column":15}},"3":{"start":{"line":8,"column":4},"end":{"line":8,"column":67}},"4":{"start":{"line":9,"column":2},"end":{"line":9,"column":20}}},"fnMap":{"0":{"name":"selectTrack","decl":{"start":{"line":1,"column":24},"end":{"line":1,"column":35}},"loc":{"start":{"line":1,"column":56},"end":{"line":10,"column":1}},"line":1}},"branchMap":{"0":{"loc":{"start":{"line":1,"column":44},"end":{"line":1,"column":54}},"type":"default-arg","locations":[{"start":{"line":1,"column":52},"end":{"line":1,"column":54}}],"line":1},"1":{"loc":{"start":{"line":3,"column":2},"end":{"line":5,"column":3}},"type":"if","locations":[{"start":{"line":3,"column":2},"end":{"line":5,"column":3}},{"start":{"line":3,"column":2},"end":{"line":5,"column":3}}],"line":3}},"s":{"0":5,"1":5,"2":3,"3":2,"4":2},"f":{"0":5},"b":{"0":[0],"1":[3,2]},"_coverageSchema":"1a1c01bbd47fc00a2c39e90264f33305004495a9","hash":"64f50903904874f7a70e9bb57d3aa355743c50ee"}
,"/Users/ravipradhan/Documents/personal-projects/dnd-jukebox/src/commands/spellHandler.js": {"path":"/Users/ravipradhan/Documents/personal-projects/dnd-jukebox/src/commands/spellHandler.js","statementMap":{"0":{"start":{"line":3,"column":21},"end":{"line":14,"column":1}},"1":{"start":{"line":5,"column":8},"end":{"line":5,"column":35}},"2":{"start":{"line":9,"column":8},"end":{"line":11,"column":9}},"3":{"start":{"line":10,"column":12},"end":{"line":10,"column":24}},"4":{"start":{"line":12,"column":8},"end":{"line":12,"column":19}}},"fnMap":{"0":{"name":"(anonymous_0)","decl":{"start":{"line":4,"column":4},"end":{"line":4,"column":5}},"loc":{"start":{"line":4,"column":33},"end":{"line":6,"column":5}},"line":4},"1":{"name":"(anonymous_1)","decl":{"start":{"line":8,"column":4},"end":{"line":8,"column":5}},"loc":{"start":{"line":8,"column":34},"end":{"line":13,"column":5}},"line":8}},"branchMap":{"0":{"loc":{"start":{"line":9,"column":8},"end":{"line":11,"column":9}},"type":"if","locations":[{"start":{"line":9,"column":8},"end":{"line":11,"column":9}},{"start":{"line":9,"column":8},"end":{"line":11,"column":9}}],"line":9}},"s":{"0":1,"1":1,"2":4,"3":3,"4":1},"f":{"0":1,"1":4},"b":{"0":[3,1]},"_coverageSchema":"1a1c01bbd47fc00a2c39e90264f33305004495a9","hash":"5297fc4568809b6465f6e9f3279cf4f690179040"}
,"/Users/ravipradhan/Documents/personal-projects/dnd-jukebox/src/tracks/selection.js": {"path":"/Users/ravipradhan/Documents/personal-projects/dnd-jukebox/src/tracks/selection.js","statementMap":{"0":{"start":{"line":1,"column":22},"end":{"line":13,"column":1}}},"fnMap":{},"branchMap":{},"s":{"0":1},"f":{},"b":{},"_coverageSchema":"1a1c01bbd47fc00a2c39e90264f33305004495a9","hash":"385bbd0038805831bb7900b896f09fdf29d36b82"}
}
