TN:
SF:config.js
FNF:0
FNH:0
DA:1,1
LF:1
LH:1
BRF:0
BRH:0
end_of_record
TN:
SF:src/ChannelPresenter.js
FN:4,(anonymous_0)
FN:10,(anonymous_1)
FN:14,(anonymous_2)
FN:17,(anonymous_3)
FN:21,(anonymous_4)
FN:25,(anonymous_5)
FNF:6
FNH:0
FNDA:0,(anonymous_0)
FNDA:0,(anonymous_1)
FNDA:0,(anonymous_2)
FNDA:0,(anonymous_3)
FNDA:0,(anonymous_4)
FNDA:0,(anonymous_5)
DA:5,0
DA:6,0
DA:7,0
DA:11,0
DA:12,0
DA:14,0
DA:15,0
DA:16,0
DA:17,0
DA:22,0
DA:26,0
LF:11
LH:0
BRDA:11,0,0,0
BRDA:11,0,1,0
BRF:2
BRH:0
end_of_record
TN:
SF:src/CommandRouter.js
FN:14,(anonymous_0)
FN:18,(anonymous_1)
FN:25,(anonymous_2)
FN:48,(anonymous_3)
FN:52,(anonymous_4)
FNF:5
FNH:5
FNDA:8,(anonymous_0)
FNDA:8,(anonymous_1)
FNDA:7,(anonymous_2)
FNDA:8,(anonymous_3)
FNDA:8,(anonymous_4)
DA:6,1
DA:9,1
DA:11,1
DA:15,8
DA:19,8
DA:20,8
DA:21,7
DA:26,7
DA:28,1
DA:30,2
DA:31,2
DA:35,4
DA:36,1
DA:37,1
DA:39,3
DA:41,1
DA:43,0
DA:44,0
DA:49,8
DA:53,8
DA:57,8
DA:58,8
LF:22
LH:20
BRDA:20,0,0,7
BRDA:20,0,1,1
BRDA:26,1,0,1
BRDA:26,1,1,2
BRDA:26,1,2,4
BRDA:26,1,3,0
BRDA:31,2,0,1
BRDA:31,2,1,1
BRDA:35,3,0,1
BRDA:35,3,1,3
BRF:10
BRH:9
end_of_record
TN:
SF:src/commands/selectTrack.js
FN:1,selectTrack
FNF:1
FNH:1
FNDA:5,selectTrack
DA:2,5
DA:3,5
DA:4,3
DA:8,2
DA:9,2
LF:5
LH:5
BRDA:1,0,0,0
BRDA:3,1,0,3
BRDA:3,1,1,2
BRF:3
BRH:2
end_of_record
TN:
SF:src/commands/spellHandler.js
FN:4,(anonymous_0)
FN:8,(anonymous_1)
FNF:2
FNH:2
FNDA:1,(anonymous_0)
FNDA:4,(anonymous_1)
DA:3,1
DA:5,1
DA:9,4
DA:10,3
DA:12,1
LF:5
LH:5
BRDA:9,0,0,3
BRDA:9,0,1,1
BRF:2
BRH:2
end_of_record
TN:
SF:src/tracks/selection.js
FNF:0
FNH:0
DA:1,1
LF:1
LH:1
BRF:0
BRH:0
end_of_record
