TN:
SF:config.js
FNF:0
FNH:0
DA:1,1
LF:1
LH:1
BRF:0
BRH:0
end_of_record
TN:
SF:src/ChannelPresenter.js
FN:4,(anonymous_0)
FN:10,(anonymous_1)
FN:14,(anonymous_2)
FN:17,(anonymous_3)
FN:21,(anonymous_4)
FN:25,(anonymous_5)
FNF:6
FNH:0
FNDA:0,(anonymous_0)
FNDA:0,(anonymous_1)
FNDA:0,(anonymous_2)
FNDA:0,(anonymous_3)
FNDA:0,(anonymous_4)
FNDA:0,(anonymous_5)
DA:5,0
DA:6,0
DA:7,0
DA:11,0
DA:12,0
DA:14,0
DA:15,0
DA:16,0
DA:17,0
DA:22,0
DA:26,0
LF:11
LH:0
BRDA:11,0,0,0
BRDA:11,0,1,0
BRF:2
BRH:0
end_of_record
TN:
SF:src/CommandRouter.js
FN:7,(anonymous_0)
FN:11,(anonymous_1)
FN:18,(anonymous_2)
FN:42,(anonymous_3)
FN:46,(anonymous_4)
FNF:5
FNH:5
FNDA:8,(anonymous_0)
FNDA:8,(anonymous_1)
FNDA:7,(anonymous_2)
FNDA:8,(anonymous_3)
FNDA:8,(anonymous_4)
DA:8,8
DA:12,8
DA:13,8
DA:14,7
DA:19,7
DA:21,1
DA:23,2
DA:24,2
DA:28,3
DA:29,1
DA:30,1
DA:31,1
DA:32,1
DA:34,2
DA:36,1
DA:38,1
DA:43,8
DA:47,8
DA:51,8
DA:52,8
LF:20
LH:20
BRDA:13,0,0,7
BRDA:13,0,1,1
BRDA:19,1,0,1
BRDA:19,1,1,2
BRDA:19,1,2,3
BRDA:19,1,3,1
BRDA:24,2,0,1
BRDA:24,2,1,1
BRDA:28,3,0,1
BRDA:28,3,1,2
BRF:10
BRH:10
end_of_record
TN:
SF:src/commands/messageResponses.js
FNF:0
FNH:0
DA:1,1
LF:1
LH:1
BRF:0
BRH:0
end_of_record
TN:
SF:src/commands/selectTrack.js
FN:1,selectTrack
FNF:1
FNH:1
FNDA:5,selectTrack
DA:2,5
DA:3,5
DA:4,3
DA:8,2
DA:9,2
LF:5
LH:5
BRDA:1,0,0,0
BRDA:3,1,0,3
BRDA:3,1,1,2
BRF:3
BRH:2
end_of_record
TN:
SF:src/commands/spellHandler.js
FN:6,(anonymous_0)
FN:16,(anonymous_1)
FN:30,(anonymous_2)
FNF:3
FNH:2
FNDA:1,(anonymous_0)
FNDA:0,(anonymous_1)
FNDA:3,(anonymous_2)
DA:5,1
DA:7,1
DA:9,1
DA:10,0
DA:12,1
DA:17,0
DA:31,3
DA:32,2
DA:34,1
LF:9
LH:7
BRDA:31,0,0,2
BRDA:31,0,1,1
BRF:2
BRH:2
end_of_record
TN:
SF:src/commands/testData.js
FNF:0
FNH:0
DA:1,1
DA:25,1
LF:2
LH:2
BRF:0
BRH:0
end_of_record
TN:
SF:src/tracks/selection.js
FNF:0
FNH:0
DA:1,1
LF:1
LH:1
BRF:0
BRH:0
end_of_record
